<?xml version="1.0" encoding="UTF-8"?>
<testng-results skipped="0" failed="0" ignored="0" total="1" passed="1">
  <reporter-output>
  </reporter-output>
  <suite name="Suite" duration-ms="11793" started-at="2019-01-17T03:01:16Z" finished-at="2019-01-17T03:01:27Z">
    <groups>
    </groups>
    <test name="Test" duration-ms="11793" started-at="2019-01-17T03:01:16Z" finished-at="2019-01-17T03:01:27Z">
      <class name="facebook.FacebookTestWithTestNG">
        <test-method status="PASS" signature="beforeMethod()[pri:0, instance:facebook.FacebookTestWithTestNG@20e2cbe0]" name="beforeMethod" is-config="true" duration-ms="7378" started-at="2019-01-17T03:01:16Z" finished-at="2019-01-17T03:01:23Z">
          <reporter-output>
          </reporter-output>
        </test-method> <!-- beforeMethod -->
        <test-method status="PASS" signature="EmailAdress()[pri:0, instance:facebook.FacebookTestWithTestNG@20e2cbe0]" name="EmailAdress" duration-ms="4277" started-at="2019-01-17T03:01:23Z" finished-at="2019-01-17T03:01:27Z">
          <reporter-output>
          </reporter-output>
        </test-method> <!-- EmailAdress -->
        <test-method status="PASS" signature="afterMethod()[pri:0, instance:facebook.FacebookTestWithTestNG@20e2cbe0]" name="afterMethod" is-config="true" duration-ms="109" started-at="2019-01-17T03:01:27Z" finished-at="2019-01-17T03:01:27Z">
          <reporter-output>
          </reporter-output>
        </test-method> <!-- afterMethod -->
      </class> <!-- facebook.FacebookTestWithTestNG -->
    </test> <!-- Test -->
  </suite> <!-- Suite -->
</testng-results>
